<?xml version="1.0" encoding="UTF-8"?>
<!-- Generated by org.testng.reporters.JUnitReportReporter -->
<testsuite skipped="0" hostname="DESKTOP-QA3LEUT" name="tests.TestDashboard" tests="11" failures="0" timestamp="04 jun 2021 21:14:55 GMT" time="12.401" errors="0">
  <testcase name="testLogo" time="3.740" classname="tests.TestDashboard"/>
  <testcase name="testDashboard" time="0.467" classname="tests.TestDashboard"/>
  <testcase name="testShiftPlanning" time="0.380" classname="tests.TestDashboard"/>
  <testcase name="testTimeClock" time="0.158" classname="tests.TestDashboard"/>
  <testcase name="testLeave" time="0.176" classname="tests.TestDashboard"/>
  <testcase name="testTraining" time="0.227" classname="tests.TestDashboard"/>
  <testcase name="testStaff" time="0.168" classname="tests.TestDashboard"/>
  <testcase name="testAvailability" time="0.626" classname="tests.TestDashboard"/>
  <testcase name="testPayroll" time="5.535" classname="tests.TestDashboard"/>
  <testcase name="testReports" time="0.749" classname="tests.TestDashboard"/>
  <testcase name="testSettings" time="0.175" classname="tests.TestDashboard"/>
</testsuite> <!-- tests.TestDashboard -->
