<?xml version="1.0" encoding="UTF-8"?>
<!-- Generated by org.testng.reporters.JUnitReportReporter -->
<testsuite skipped="0" hostname="DESKTOP-QA3LEUT" name="banka.TestiranjeBanke" tests="4" failures="0" timestamp="25 maj 2021 08:08:17 GMT" time="0.015" errors="0">
  <testcase name="testSume" time="0.002" classname="banka.TestiranjeBanke"/>
  <testcase name="testTransfera" time="0.004" classname="banka.TestiranjeBanke"/>
  <testcase name="testUplate" time="0.002" classname="banka.TestiranjeBanke"/>
  <testcase name="testOtvaranjeNaloga" time="0.007" classname="banka.TestiranjeBanke"/>
</testsuite> <!-- banka.TestiranjeBanke -->
