<?xml version="1.0" encoding="UTF-8"?>
<!-- Generated by org.testng.reporters.JUnitReportReporter -->
<testsuite skipped="0" hostname="DESKTOP-QA3LEUT" name="banka.TestAccount" tests="4" failures="0" timestamp="21 maj 2021 21:49:51 GMT" time="13350.094" errors="0">
  <testcase name="testNaloga" time="13350.071" classname="banka.TestAccount"/>
  <testcase name="testSeteraIGetera" time="0.002" classname="banka.TestAccount"/>
  <testcase name="testIspisa" time="0.014" classname="banka.TestAccount"/>
  <testcase name="testKonstruktor" time="0.007" classname="banka.TestAccount"/>
</testsuite> <!-- banka.TestAccount -->
