<?xml version="1.0" encoding="UTF-8"?>
<!-- Generated by org.testng.reporters.JUnitReportReporter -->
<testsuite skipped="0" hostname="DESKTOP-QA3LEUT" name="tests.RegistrationTest" tests="2" failures="0" timestamp="31 maj 2021 17:01:24 GMT" time="7.410" errors="0">
  <testcase name="testRegBtn" time="1.983" classname="tests.RegistrationTest"/>
  <testcase name="testRegForm" time="5.427" classname="tests.RegistrationTest"/>
</testsuite> <!-- tests.RegistrationTest -->
