<?xml version="1.0" encoding="UTF-8"?>
<!-- Generated by org.testng.reporters.JUnitReportReporter -->
<testsuite skipped="0" hostname="DESKTOP-QA3LEUT" name="test.TestVideo" tests="1" failures="0" timestamp="01 jun 2021 14:27:44 GMT" time="15.884" errors="0">
  <testcase name="testYt" time="15.884" classname="test.TestVideo"/>
</testsuite> <!-- test.TestVideo -->
