<?xml version="1.0" encoding="UTF-8"?>
<!-- Generated by org.testng.reporters.JUnitReportReporter -->
<testsuite skipped="0" hostname="DESKTOP-QA3LEUT" name="selenium2.TestiranjeSajta" tests="1" failures="0" timestamp="30 maj 2021 09:30:33 GMT" time="7.886" errors="0">
  <testcase name="testSajta" time="7.886" classname="selenium2.TestiranjeSajta"/>
</testsuite> <!-- selenium2.TestiranjeSajta -->
