<?xml version="1.0" encoding="UTF-8"?>
<!-- Generated by org.testng.reporters.JUnitReportReporter -->
<testsuite skipped="0" hostname="DESKTOP-QA3LEUT" name="testiranjeSajta.TestReg" tests="2" failures="0" timestamp="29 maj 2021 10:43:38 GMT" time="4.114" errors="0">
  <testcase name="testRegForm" time="2.042" classname="testiranjeSajta.TestReg"/>
  <testcase name="testRegBtn" time="2.072" classname="testiranjeSajta.TestReg"/>
</testsuite> <!-- testiranjeSajta.TestReg -->
